<?xml version="1.0" encoding="UTF-8" ?>
<testsuite tests="2" failures="0" name="com.mycompany.dscproject.tests.pricesTest" time="2.527" errors="2" skipped="0">
  <properties>
    <property name="java.runtime.name" value="Java(TM) SE Runtime Environment"/>
    <property name="java.vm.version" value="17.0.5+9-LTS-191"/>
    <property name="sun.boot.library.path" value="C:\Program Files\Java\jdk-17.0.5\bin"/>
    <property name="maven.multiModuleProjectDirectory" value="C:\Users\Inspiron 15 5566\Documents\NetBeansProjects\A-Nota-Ai-DSC-main"/>
    <property name="java.vm.vendor" value="Oracle Corporation"/>
    <property name="java.vendor.url" value="https://java.oracle.com/"/>
    <property name="guice.disable.misplaced.annotation.check" value="true"/>
    <property name="path.separator" value=";"/>
    <property name="java.vm.name" value="Java HotSpot(TM) 64-Bit Server VM"/>
    <property name="sun.os.patch.level" value=""/>
    <property name="user.script" value=""/>
    <property name="user.country" value="GB"/>
    <property name="sun.java.launcher" value="SUN_STANDARD"/>
    <property name="java.vm.specification.name" value="Java Virtual Machine Specification"/>
    <property name="user.dir" value="C:\Users\Inspiron 15 5566\Documents\NetBeansProjects\A-Nota-Ai-DSC-main"/>
    <property name="java.vm.compressedOopsMode" value="Zero based"/>
    <property name="java.runtime.version" value="17.0.5+9-LTS-191"/>
    <property name="os.arch" value="amd64"/>
    <property name="java.io.tmpdir" value="C:\Users\INSPIR~1\AppData\Local\Temp\"/>
    <property name="line.separator" value="
"/>
    <property name="java.vm.specification.vendor" value="Oracle Corporation"/>
    <property name="user.variant" value=""/>
    <property name="os.name" value="Windows 10"/>
    <property name="maven.ext.class.path" value="C:\Users\Inspiron 15 5566\Desktop\NetBeans-15\netbeans\java\maven-nblib\netbeans-eventspy.jar"/>
    <property name="classworlds.conf" value="C:\Users\Inspiron 15 5566\Desktop\NetBeans-15\netbeans\java\maven\bin\m2.conf"/>
    <property name="sun.jnu.encoding" value="Cp1252"/>
    <property name="java.library.path" value="C:\Program Files\Java\jdk-17.0.5\bin;C:\Windows\Sun\Java\bin;C:\Windows\system32;C:\Windows;C:\Program Files\Common Files\Oracle\Java\javapath;C:\Windows\system32;C:\Windows;C:\Windows\System32\Wbem;C:\Windows\System32\WindowsPowerShell\v1.0\;C:\Windows\System32\OpenSSH\;C:\Program Files\dotnet\;C:\Program Files (x86)\Intel\Intel(R) Management Engine Components\DAL;C:\Program Files\Intel\Intel(R) Management Engine Components\DAL;C:\Users\Inspiron 15 5566\AppData\Local\Microsoft\WindowsApps;;."/>
    <property name="maven.conf" value="C:\Users\Inspiron 15 5566\Desktop\NetBeans-15\netbeans\java\maven/conf"/>
    <property name="jdk.debug" value="release"/>
    <property name="java.class.version" value="61.0"/>
    <property name="java.specification.name" value="Java Platform API Specification"/>
    <property name="sun.management.compiler" value="HotSpot 64-Bit Tiered Compilers"/>
    <property name="os.version" value="10.0"/>
    <property name="library.jansi.path" value="C:\Users\Inspiron 15 5566\Desktop\NetBeans-15\netbeans\java\maven\lib\jansi-native"/>
    <property name="user.home" value="C:\Users\Inspiron 15 5566"/>
    <property name="user.timezone" value="America/Sao_Paulo"/>
    <property name="file.encoding" value="UTF-8"/>
    <property name="java.specification.version" value="17"/>
    <property name="user.name" value="Inspiron 15 5566"/>
    <property name="java.class.path" value="C:\Users\Inspiron 15 5566\Desktop\NetBeans-15\netbeans\java\maven\boot\plexus-classworlds-2.6.0.jar"/>
    <property name="java.vm.specification.version" value="17"/>
    <property name="sun.arch.data.model" value="64"/>
    <property name="sun.java.command" value="org.codehaus.plexus.classworlds.launcher.Launcher -Dmaven.ext.class.path=C:\Users\Inspiron 15 5566\Desktop\NetBeans-15\netbeans\java\maven-nblib\netbeans-eventspy.jar -Dfile.encoding=UTF-8 install"/>
    <property name="java.home" value="C:\Program Files\Java\jdk-17.0.5"/>
    <property name="user.language" value="en"/>
    <property name="java.specification.vendor" value="Oracle Corporation"/>
    <property name="java.vm.info" value="mixed mode, sharing"/>
    <property name="java.version" value="17.0.5"/>
    <property name="native.encoding" value="Cp1252"/>
    <property name="java.vendor" value="Oracle Corporation"/>
    <property name="maven.home" value="C:\Users\Inspiron 15 5566\Desktop\NetBeans-15\netbeans\java\maven"/>
    <property name="file.separator" value="\"/>
    <property name="java.version.date" value="2022-10-18"/>
    <property name="java.vendor.url.bug" value="https://bugreport.java.com/bugreport/"/>
    <property name="sun.io.unicode.encoding" value="UnicodeLittle"/>
    <property name="sun.cpu.endian" value="little"/>
    <property name="sun.cpu.isalist" value="amd64"/>
  </properties>
  <testcase classname="com.mycompany.dscproject.tests.pricesTest" name="com.mycompany.dscproject.tests.pricesTest" time="1.263">
    <error message="
Exception Description: An exception was thrown while searching for persistence archives with ClassLoader: jdk.internal.loader.ClassLoaders$AppClassLoader@73d16e93
Internal Exception: jakarta.persistence.PersistenceException: Exception [EclipseLink-28018] (Eclipse Persistence Services - 3.0.2.v202107160933): org.eclipse.persistence.exceptions.EntityManagerSetupException
Exception Description: Predeployment of PersistenceUnit [persistence] failed.
Internal Exception: Exception [EclipseLink-7154] (Eclipse Persistence Services - 3.0.2.v202107160933): org.eclipse.persistence.exceptions.ValidationException
Exception Description: The attribute [itens] in entity class [class com.mycompany.dscproject.model.NotaFiscal] has a mappedBy value of [Item] which does not exist in its owning entity class [class com.mycompany.dscproject.model.Item]. If the owning entity class is a @MappedSuperclass, this is invalid, and your attribute should reference the correct subclass." type="Local Exception Stack">Local Exception Stack: 
Exception [EclipseLink-30005] (Eclipse Persistence Services - 3.0.2.v202107160933): org.eclipse.persistence.exceptions.PersistenceUnitLoadingException
Exception Description: An exception was thrown while searching for persistence archives with ClassLoader: jdk.internal.loader.ClassLoaders$AppClassLoader@73d16e93
Internal Exception: jakarta.persistence.PersistenceException: Exception [EclipseLink-28018] (Eclipse Persistence Services - 3.0.2.v202107160933): org.eclipse.persistence.exceptions.EntityManagerSetupException
Exception Description: Predeployment of PersistenceUnit [persistence] failed.
Internal Exception: Exception [EclipseLink-7154] (Eclipse Persistence Services - 3.0.2.v202107160933): org.eclipse.persistence.exceptions.ValidationException
Exception Description: The attribute [itens] in entity class [class com.mycompany.dscproject.model.NotaFiscal] has a mappedBy value of [Item] which does not exist in its owning entity class [class com.mycompany.dscproject.model.Item]. If the owning entity class is a @MappedSuperclass, this is invalid, and your attribute should reference the correct subclass.
	at org.eclipse.persistence.exceptions.PersistenceUnitLoadingException.exceptionSearchingForPersistenceResources(PersistenceUnitLoadingException.java:129)
	at org.eclipse.persistence.jpa.PersistenceProvider.createEntityManagerFactoryImpl(PersistenceProvider.java:118)
	at org.eclipse.persistence.jpa.PersistenceProvider.createEntityManagerFactory(PersistenceProvider.java:191)
	at jakarta.persistence.Persistence.createEntityManagerFactory(Persistence.java:80)
	at jakarta.persistence.Persistence.createEntityManagerFactory(Persistence.java:55)
	at com.mycompany.dscproject.tests.BaseTests.setUpClass(BaseTests.java:21)
	at java.base/jdk.internal.reflect.NativeMethodAccessorImpl.invoke0(Native Method)
	at java.base/jdk.internal.reflect.NativeMethodAccessorImpl.invoke(NativeMethodAccessorImpl.java:77)
	at java.base/jdk.internal.reflect.DelegatingMethodAccessorImpl.invoke(DelegatingMethodAccessorImpl.java:43)
	at java.base/java.lang.reflect.Method.invoke(Method.java:568)
	at org.junit.runners.model.FrameworkMethod$1.runReflectiveCall(FrameworkMethod.java:59)
	at org.junit.internal.runners.model.ReflectiveCallable.run(ReflectiveCallable.java:12)
	at org.junit.runners.model.FrameworkMethod.invokeExplosively(FrameworkMethod.java:56)
	at org.junit.internal.runners.statements.RunBefores.invokeMethod(RunBefores.java:33)
	at org.junit.internal.runners.statements.RunBefores.evaluate(RunBefores.java:24)
	at org.junit.internal.runners.statements.RunAfters.evaluate(RunAfters.java:27)
	at org.junit.runners.ParentRunner$3.evaluate(ParentRunner.java:306)
	at org.junit.runners.ParentRunner.run(ParentRunner.java:413)
	at org.apache.maven.surefire.junit4.JUnit4Provider.execute(JUnit4Provider.java:252)
	at org.apache.maven.surefire.junit4.JUnit4Provider.executeTestSet(JUnit4Provider.java:141)
	at org.apache.maven.surefire.junit4.JUnit4Provider.invoke(JUnit4Provider.java:112)
	at java.base/jdk.internal.reflect.NativeMethodAccessorImpl.invoke0(Native Method)
	at java.base/jdk.internal.reflect.NativeMethodAccessorImpl.invoke(NativeMethodAccessorImpl.java:77)
	at java.base/jdk.internal.reflect.DelegatingMethodAccessorImpl.invoke(DelegatingMethodAccessorImpl.java:43)
	at java.base/java.lang.reflect.Method.invoke(Method.java:568)
	at org.apache.maven.surefire.util.ReflectionUtils.invokeMethodWithArray(ReflectionUtils.java:189)
	at org.apache.maven.surefire.booter.ProviderFactory$ProviderProxy.invoke(ProviderFactory.java:165)
	at org.apache.maven.surefire.booter.ProviderFactory.invokeProvider(ProviderFactory.java:85)
	at org.apache.maven.surefire.booter.ForkedBooter.runSuitesInProcess(ForkedBooter.java:115)
	at org.apache.maven.surefire.booter.ForkedBooter.main(ForkedBooter.java:75)
Caused by: jakarta.persistence.PersistenceException: Exception [EclipseLink-28018] (Eclipse Persistence Services - 3.0.2.v202107160933): org.eclipse.persistence.exceptions.EntityManagerSetupException
Exception Description: Predeployment of PersistenceUnit [persistence] failed.
Internal Exception: Exception [EclipseLink-7154] (Eclipse Persistence Services - 3.0.2.v202107160933): org.eclipse.persistence.exceptions.ValidationException
Exception Description: The attribute [itens] in entity class [class com.mycompany.dscproject.model.NotaFiscal] has a mappedBy value of [Item] which does not exist in its owning entity class [class com.mycompany.dscproject.model.Item]. If the owning entity class is a @MappedSuperclass, this is invalid, and your attribute should reference the correct subclass.
	at org.eclipse.persistence.internal.jpa.EntityManagerSetupImpl.createPredeployFailedPersistenceException(EntityManagerSetupImpl.java:2160)
	at org.eclipse.persistence.internal.jpa.EntityManagerSetupImpl.predeploy(EntityManagerSetupImpl.java:2136)
	at org.eclipse.persistence.internal.jpa.deployment.JPAInitializer.callPredeploy(JPAInitializer.java:104)
	at org.eclipse.persistence.jpa.PersistenceProvider.createEntityManagerFactoryImpl(PersistenceProvider.java:107)
	... 28 more
Caused by: Exception [EclipseLink-28018] (Eclipse Persistence Services - 3.0.2.v202107160933): org.eclipse.persistence.exceptions.EntityManagerSetupException
Exception Description: Predeployment of PersistenceUnit [persistence] failed.
Internal Exception: Exception [EclipseLink-7154] (Eclipse Persistence Services - 3.0.2.v202107160933): org.eclipse.persistence.exceptions.ValidationException
Exception Description: The attribute [itens] in entity class [class com.mycompany.dscproject.model.NotaFiscal] has a mappedBy value of [Item] which does not exist in its owning entity class [class com.mycompany.dscproject.model.Item]. If the owning entity class is a @MappedSuperclass, this is invalid, and your attribute should reference the correct subclass.
	at org.eclipse.persistence.exceptions.EntityManagerSetupException.predeployFailed(EntityManagerSetupException.java:233)
	... 32 more
Caused by: Exception [EclipseLink-7154] (Eclipse Persistence Services - 3.0.2.v202107160933): org.eclipse.persistence.exceptions.ValidationException
Exception Description: The attribute [itens] in entity class [class com.mycompany.dscproject.model.NotaFiscal] has a mappedBy value of [Item] which does not exist in its owning entity class [class com.mycompany.dscproject.model.Item]. If the owning entity class is a @MappedSuperclass, this is invalid, and your attribute should reference the correct subclass.
	at org.eclipse.persistence.exceptions.ValidationException.noMappedByAttributeFound(ValidationException.java:1381)
	at org.eclipse.persistence.internal.jpa.metadata.accessors.mappings.RelationshipAccessor.getOwningMapping(RelationshipAccessor.java:491)
	at org.eclipse.persistence.internal.jpa.metadata.accessors.mappings.OneToManyAccessor.processOneToManyMapping(OneToManyAccessor.java:218)
	at org.eclipse.persistence.internal.jpa.metadata.accessors.mappings.OneToManyAccessor.process(OneToManyAccessor.java:151)
	at org.eclipse.persistence.internal.jpa.metadata.MetadataProject.processNonOwningRelationshipAccessors(MetadataProject.java:1643)
	at org.eclipse.persistence.internal.jpa.metadata.MetadataProject.processStage3(MetadataProject.java:1932)
	at org.eclipse.persistence.internal.jpa.metadata.MetadataProcessor.processORMMetadata(MetadataProcessor.java:580)
	at org.eclipse.persistence.internal.jpa.deployment.PersistenceUnitProcessor.processORMetadata(PersistenceUnitProcessor.java:639)
	at org.eclipse.persistence.internal.jpa.EntityManagerSetupImpl.predeploy(EntityManagerSetupImpl.java:2057)
	... 30 more
</error>
    <system-out>[EL Fine]: server: 2022-11-05 23:00:21.33--Thread(Thread[main,5,main])--Configured server platform: org.eclipse.persistence.platform.server.NoServerPlatform
[EL Config]: metadata: 2022-11-05 23:00:21.594--ServerSession(1089418272)--Thread(Thread[main,5,main])--The access type for the persistent class [class com.mycompany.dscproject.model.Preco] is set to [FIELD].
[EL Config]: metadata: 2022-11-05 23:00:21.633--ServerSession(1089418272)--Thread(Thread[main,5,main])--The target entity (reference) class for the one to one mapping element [field item] is being defaulted to: class com.mycompany.dscproject.model.Item.
[EL Config]: metadata: 2022-11-05 23:00:21.635--ServerSession(1089418272)--Thread(Thread[main,5,main])--The target entity (reference) class for the many to one mapping element [field produto] is being defaulted to: class com.mycompany.dscproject.model.Produto.
[EL Config]: metadata: 2022-11-05 23:00:21.64--ServerSession(1089418272)--Thread(Thread[main,5,main])--The access type for the persistent class [class com.mycompany.dscproject.model.Usuario] is set to [FIELD].
[EL Config]: metadata: 2022-11-05 23:00:21.656--ServerSession(1089418272)--Thread(Thread[main,5,main])--The target entity (reference) class for the one to many mapping element [field compras] is being defaulted to: class com.mycompany.dscproject.model.NotaFiscal.
[EL Config]: metadata: 2022-11-05 23:00:21.661--ServerSession(1089418272)--Thread(Thread[main,5,main])--The access type for the persistent class [class com.mycompany.dscproject.model.Produto] is set to [FIELD].
[EL Config]: metadata: 2022-11-05 23:00:21.662--ServerSession(1089418272)--Thread(Thread[main,5,main])--The target entity (reference) class for the one to many mapping element [field itens] is being defaulted to: class com.mycompany.dscproject.model.Item.
[EL Config]: metadata: 2022-11-05 23:00:21.663--ServerSession(1089418272)--Thread(Thread[main,5,main])--The target entity (reference) class for the one to many mapping element [field historicoDeValores] is being defaulted to: class com.mycompany.dscproject.model.Preco.
[EL Config]: metadata: 2022-11-05 23:00:21.668--ServerSession(1089418272)--Thread(Thread[main,5,main])--The target entity (reference) class for the many to many mapping element [field lojas] is being defaulted to: class com.mycompany.dscproject.model.Loja.
[EL Config]: metadata: 2022-11-05 23:00:21.668--ServerSession(1089418272)--Thread(Thread[main,5,main])--The access type for the persistent class [class com.mycompany.dscproject.model.NotaFiscal] is set to [FIELD].
[EL Config]: metadata: 2022-11-05 23:00:21.669--ServerSession(1089418272)--Thread(Thread[main,5,main])--The target entity (reference) class for the many to one mapping element [field donoDaNota] is being defaulted to: class com.mycompany.dscproject.model.Usuario.
[EL Config]: metadata: 2022-11-05 23:00:21.669--ServerSession(1089418272)--Thread(Thread[main,5,main])--The target entity (reference) class for the one to many mapping element [field itens] is being defaulted to: class com.mycompany.dscproject.model.Item.
[EL Config]: metadata: 2022-11-05 23:00:21.67--ServerSession(1089418272)--Thread(Thread[main,5,main])--The target entity (reference) class for the many to one mapping element [field loja] is being defaulted to: class com.mycompany.dscproject.model.Loja.
[EL Config]: metadata: 2022-11-05 23:00:21.675--ServerSession(1089418272)--Thread(Thread[main,5,main])--The access type for the persistent class [class com.mycompany.dscproject.model.Loja] is set to [FIELD].
[EL Config]: metadata: 2022-11-05 23:00:21.676--ServerSession(1089418272)--Thread(Thread[main,5,main])--The target entity (reference) class for the one to many mapping element [field itens] is being defaulted to: class com.mycompany.dscproject.model.Item.
[EL Config]: metadata: 2022-11-05 23:00:21.676--ServerSession(1089418272)--Thread(Thread[main,5,main])--The target entity (reference) class for the many to many mapping element [field produtos] is being defaulted to: class com.mycompany.dscproject.model.Produto.
[EL Config]: metadata: 2022-11-05 23:00:21.679--ServerSession(1089418272)--Thread(Thread[main,5,main])--The target entity (reference) class for the one to many mapping element [field notasFiscais] is being defaulted to: class com.mycompany.dscproject.model.NotaFiscal.
[EL Config]: metadata: 2022-11-05 23:00:21.679--ServerSession(1089418272)--Thread(Thread[main,5,main])--The access type for the persistent class [class com.mycompany.dscproject.model.Item] is set to [FIELD].
[EL Config]: metadata: 2022-11-05 23:00:21.68--ServerSession(1089418272)--Thread(Thread[main,5,main])--The element [field produto] is being defaulted to a one to one mapping.
[EL Config]: metadata: 2022-11-05 23:00:21.681--ServerSession(1089418272)--Thread(Thread[main,5,main])--The target entity (reference) class for the one to one mapping element [field produto] is being defaulted to: class com.mycompany.dscproject.model.Produto.
[EL Config]: metadata: 2022-11-05 23:00:21.682--ServerSession(1089418272)--Thread(Thread[main,5,main])--The target entity (reference) class for the many to one mapping element [field localDeVenda] is being defaulted to: class com.mycompany.dscproject.model.Loja.
[EL Config]: metadata: 2022-11-05 23:00:21.682--ServerSession(1089418272)--Thread(Thread[main,5,main])--The target entity (reference) class for the many to one mapping element [field notaFiscal] is being defaulted to: class com.mycompany.dscproject.model.NotaFiscal.
[EL Config]: metadata: 2022-11-05 23:00:21.683--ServerSession(1089418272)--Thread(Thread[main,5,main])--The target entity (reference) class for the one to one mapping element [field valorUnitario] is being defaulted to: class com.mycompany.dscproject.model.Preco.
[EL Config]: metadata: 2022-11-05 23:00:21.683--ServerSession(1089418272)--Thread(Thread[main,5,main])--The alias name for the entity class [class com.mycompany.dscproject.model.Preco] is being defaulted to: Preco.
[EL Config]: metadata: 2022-11-05 23:00:21.685--ServerSession(1089418272)--Thread(Thread[main,5,main])--The table name for entity [class com.mycompany.dscproject.model.Preco] is being defaulted to: PRECO.
[EL Config]: metadata: 2022-11-05 23:00:21.712--ServerSession(1089418272)--Thread(Thread[main,5,main])--The column name for element [codigo] is being defaulted to: CODIGO.
[EL Config]: metadata: 2022-11-05 23:00:21.714--ServerSession(1089418272)--Thread(Thread[main,5,main])--The column name for element [valor] is being defaulted to: VALOR.
[EL Config]: metadata: 2022-11-05 23:00:21.714--ServerSession(1089418272)--Thread(Thread[main,5,main])--The column name for element [dataDeRegistro] is being defaulted to: DATADEREGISTRO.
[EL Config]: metadata: 2022-11-05 23:00:21.719--ServerSession(1089418272)--Thread(Thread[main,5,main])--The alias name for the entity class [class com.mycompany.dscproject.model.Usuario] is being defaulted to: Usuario.
[EL Config]: metadata: 2022-11-05 23:00:21.72--ServerSession(1089418272)--Thread(Thread[main,5,main])--The table name for entity [class com.mycompany.dscproject.model.Usuario] is being defaulted to: USUARIO.
[EL Config]: metadata: 2022-11-05 23:00:21.721--ServerSession(1089418272)--Thread(Thread[main,5,main])--The column name for element [senha] is being defaulted to: SENHA.
[EL Config]: metadata: 2022-11-05 23:00:21.721--ServerSession(1089418272)--Thread(Thread[main,5,main])--The column name for element [codigo] is being defaulted to: CODIGO.
[EL Config]: metadata: 2022-11-05 23:00:21.722--ServerSession(1089418272)--Thread(Thread[main,5,main])--The column name for element [telefone] is being defaulted to: TELEFONE.
[EL Config]: metadata: 2022-11-05 23:00:21.723--ServerSession(1089418272)--Thread(Thread[main,5,main])--The column name for element [cpf] is being defaulted to: CPF.
[EL Config]: metadata: 2022-11-05 23:00:21.723--ServerSession(1089418272)--Thread(Thread[main,5,main])--The column name for element [nome] is being defaulted to: NOME.
[EL Config]: metadata: 2022-11-05 23:00:21.726--ServerSession(1089418272)--Thread(Thread[main,5,main])--The column name for element [usuario] is being defaulted to: USUARIO.
[EL Config]: metadata: 2022-11-05 23:00:21.727--ServerSession(1089418272)--Thread(Thread[main,5,main])--The column name for element [sobrenome] is being defaulted to: SOBRENOME.
[EL Config]: metadata: 2022-11-05 23:00:21.728--ServerSession(1089418272)--Thread(Thread[main,5,main])--The column name for element [email] is being defaulted to: EMAIL.
[EL Config]: metadata: 2022-11-05 23:00:21.728--ServerSession(1089418272)--Thread(Thread[main,5,main])--The alias name for the entity class [class com.mycompany.dscproject.model.Produto] is being defaulted to: Produto.
[EL Config]: metadata: 2022-11-05 23:00:21.729--ServerSession(1089418272)--Thread(Thread[main,5,main])--The table name for entity [class com.mycompany.dscproject.model.Produto] is being defaulted to: PRODUTO.
[EL Config]: metadata: 2022-11-05 23:00:21.73--ServerSession(1089418272)--Thread(Thread[main,5,main])--The column name for element [codigo] is being defaulted to: CODIGO.
[EL Config]: metadata: 2022-11-05 23:00:21.731--ServerSession(1089418272)--Thread(Thread[main,5,main])--The column name for element [nome] is being defaulted to: NOME.
[EL Config]: metadata: 2022-11-05 23:00:21.732--ServerSession(1089418272)--Thread(Thread[main,5,main])--The alias name for the entity class [class com.mycompany.dscproject.model.NotaFiscal] is being defaulted to: NotaFiscal.
[EL Config]: metadata: 2022-11-05 23:00:21.733--ServerSession(1089418272)--Thread(Thread[main,5,main])--The table name for entity [class com.mycompany.dscproject.model.NotaFiscal] is being defaulted to: NOTAFISCAL.
[EL Config]: metadata: 2022-11-05 23:00:21.734--ServerSession(1089418272)--Thread(Thread[main,5,main])--The column name for element [codigo] is being defaulted to: CODIGO.
[EL Config]: metadata: 2022-11-05 23:00:21.735--ServerSession(1089418272)--Thread(Thread[main,5,main])--The column name for element [chaveDeAcesso] is being defaulted to: CHAVEDEACESSO.
[EL Config]: metadata: 2022-11-05 23:00:21.735--ServerSession(1089418272)--Thread(Thread[main,5,main])--The column name for element [valor] is being defaulted to: VALOR.
[EL Config]: metadata: 2022-11-05 23:00:21.736--ServerSession(1089418272)--Thread(Thread[main,5,main])--The column name for element [dataEmissao] is being defaulted to: DATAEMISSAO.
[EL Config]: metadata: 2022-11-05 23:00:21.737--ServerSession(1089418272)--Thread(Thread[main,5,main])--The alias name for the entity class [class com.mycompany.dscproject.model.Loja] is being defaulted to: Loja.
[EL Config]: metadata: 2022-11-05 23:00:21.738--ServerSession(1089418272)--Thread(Thread[main,5,main])--The table name for entity [class com.mycompany.dscproject.model.Loja] is being defaulted to: LOJA.
[EL Config]: metadata: 2022-11-05 23:00:21.739--ServerSession(1089418272)--Thread(Thread[main,5,main])--The column name for element [Codigo] is being defaulted to: CODIGO.
[EL Config]: metadata: 2022-11-05 23:00:21.739--ServerSession(1089418272)--Thread(Thread[main,5,main])--The column name for element [endereço] is being defaulted to: ENDEREÇO.
[EL Config]: metadata: 2022-11-05 23:00:21.74--ServerSession(1089418272)--Thread(Thread[main,5,main])--The column name for element [CNPJ] is being defaulted to: CNPJ.
[EL Config]: metadata: 2022-11-05 23:00:21.741--ServerSession(1089418272)--Thread(Thread[main,5,main])--The column name for element [nome] is being defaulted to: NOME.
[EL Config]: metadata: 2022-11-05 23:00:21.742--ServerSession(1089418272)--Thread(Thread[main,5,main])--The alias name for the entity class [class com.mycompany.dscproject.model.Item] is being defaulted to: Item.
[EL Config]: metadata: 2022-11-05 23:00:21.743--ServerSession(1089418272)--Thread(Thread[main,5,main])--The table name for entity [class com.mycompany.dscproject.model.Item] is being defaulted to: ITEM.
[EL Config]: metadata: 2022-11-05 23:00:21.743--ServerSession(1089418272)--Thread(Thread[main,5,main])--The column name for element [codigo] is being defaulted to: CODIGO.
[EL Config]: metadata: 2022-11-05 23:00:21.744--ServerSession(1089418272)--Thread(Thread[main,5,main])--The column name for element [quantidade] is being defaulted to: QUANTIDADE.
[EL Config]: metadata: 2022-11-05 23:00:21.762--ServerSession(1089418272)--Thread(Thread[main,5,main])--The primary key column name for the mapping element [field produto] is being defaulted to: CODIGO.
[EL Config]: metadata: 2022-11-05 23:00:21.763--ServerSession(1089418272)--Thread(Thread[main,5,main])--The foreign key column name for the mapping element [produto] is being defaulted to: PRODUTO_CODIGO.
[EL Config]: metadata: 2022-11-05 23:00:21.782--ServerSession(1089418272)--Thread(Thread[main,5,main])--The source primary key column name for the many to many mapping [field lojas] is being defaulted to: CODIGO.
[EL Config]: metadata: 2022-11-05 23:00:21.783--ServerSession(1089418272)--Thread(Thread[main,5,main])--The target primary key column name for the many to many mapping [field lojas] is being defaulted to: CODIGO.
[EL Config]: metadata: 2022-11-05 23:00:21.784--ServerSession(1089418272)--Thread(Thread[main,5,main])--The primary key column name for the mapping element [field loja] is being defaulted to: CODIGO.
[EL Config]: metadata: 2022-11-05 23:00:21.786--ServerSession(1089418272)--Thread(Thread[main,5,main])--The foreign key column name for the mapping element [loja] is being defaulted to: LOJA_CODIGO.
[EL Config]: metadata: 2022-11-05 23:00:21.787--ServerSession(1089418272)--Thread(Thread[main,5,main])--The primary key column name for the mapping element [field produto] is being defaulted to: CODIGO.
[EL Config]: metadata: 2022-11-05 23:00:21.787--ServerSession(1089418272)--Thread(Thread[main,5,main])--The foreign key column name for the mapping element [produto] is being defaulted to: PRODUTO_CODIGO.
</system-out>
  </testcase>
  <testcase classname="com.mycompany.dscproject.tests.pricesTest" name="com.mycompany.dscproject.tests.pricesTest" time="1.264">
    <error message="Cannot invoke &quot;jakarta.persistence.EntityManagerFactory.close()&quot; because &quot;com.mycompany.dscproject.tests.BaseTests.emf&quot; is null" type="java.lang.NullPointerException">java.lang.NullPointerException: Cannot invoke &quot;jakarta.persistence.EntityManagerFactory.close()&quot; because &quot;com.mycompany.dscproject.tests.BaseTests.emf&quot; is null
	at com.mycompany.dscproject.tests.BaseTests.tearDownClass(BaseTests.java:28)
	at java.base/jdk.internal.reflect.NativeMethodAccessorImpl.invoke0(Native Method)
	at java.base/jdk.internal.reflect.NativeMethodAccessorImpl.invoke(NativeMethodAccessorImpl.java:77)
	at java.base/jdk.internal.reflect.DelegatingMethodAccessorImpl.invoke(DelegatingMethodAccessorImpl.java:43)
	at java.base/java.lang.reflect.Method.invoke(Method.java:568)
	at org.junit.runners.model.FrameworkMethod$1.runReflectiveCall(FrameworkMethod.java:59)
	at org.junit.internal.runners.model.ReflectiveCallable.run(ReflectiveCallable.java:12)
	at org.junit.runners.model.FrameworkMethod.invokeExplosively(FrameworkMethod.java:56)
	at org.junit.internal.runners.statements.RunAfters.invokeMethod(RunAfters.java:46)
	at org.junit.internal.runners.statements.RunAfters.evaluate(RunAfters.java:33)
	at org.junit.runners.ParentRunner$3.evaluate(ParentRunner.java:306)
	at org.junit.runners.ParentRunner.run(ParentRunner.java:413)
	at org.apache.maven.surefire.junit4.JUnit4Provider.execute(JUnit4Provider.java:252)
	at org.apache.maven.surefire.junit4.JUnit4Provider.executeTestSet(JUnit4Provider.java:141)
	at org.apache.maven.surefire.junit4.JUnit4Provider.invoke(JUnit4Provider.java:112)
	at java.base/jdk.internal.reflect.NativeMethodAccessorImpl.invoke0(Native Method)
	at java.base/jdk.internal.reflect.NativeMethodAccessorImpl.invoke(NativeMethodAccessorImpl.java:77)
	at java.base/jdk.internal.reflect.DelegatingMethodAccessorImpl.invoke(DelegatingMethodAccessorImpl.java:43)
	at java.base/java.lang.reflect.Method.invoke(Method.java:568)
	at org.apache.maven.surefire.util.ReflectionUtils.invokeMethodWithArray(ReflectionUtils.java:189)
	at org.apache.maven.surefire.booter.ProviderFactory$ProviderProxy.invoke(ProviderFactory.java:165)
	at org.apache.maven.surefire.booter.ProviderFactory.invokeProvider(ProviderFactory.java:85)
	at org.apache.maven.surefire.booter.ForkedBooter.runSuitesInProcess(ForkedBooter.java:115)
	at org.apache.maven.surefire.booter.ForkedBooter.main(ForkedBooter.java:75)
</error>
  </testcase>
</testsuite>